<?xml version="1.0" encoding="UTF-8"?>
<testsuite xmlns:xsi="http://www.w3.org/2001/XMLSchema-instance" xsi:noNamespaceSchemaLocation="https://maven.apache.org/surefire/maven-surefire-plugin/xsd/surefire-test-report-3.0.xsd" version="3.0" name="com.six.spacex.SpaceXRepositoryTest" time="0.042" tests="10" errors="0" skipped="0" failures="0">
  <properties>
[...]
</properties>
  <testcase name="changeRocketStatus_toInRepair_makesMissionPending" classname="com.six.spacex.SpaceXRepositoryTest" time="0.023"/>
  <testcase name="addRocket_defaultsToOnGround" classname="com.six.spacex.SpaceXRepositoryTest" time="0.0"/>
  <testcase name="cannotSetInSpaceWithoutMission" classname="com.six.spacex.SpaceXRepositoryTest" time="0.001"/>
  <testcase name="cannotAssignToEndedMission" classname="com.six.spacex.SpaceXRepositoryTest" time="0.001"/>
  <testcase name="addMission_defaultsToScheduled" classname="com.six.spacex.SpaceXRepositoryTest" time="0.0"/>
  <testcase name="cannotAssignRocketTwice" classname="com.six.spacex.SpaceXRepositoryTest" time="0.001"/>
  <testcase name="assignRocket_toMission_and_autoStatusRecalc" classname="com.six.spacex.SpaceXRepositoryTest" time="0.001"/>
  <testcase name="summary_ordersByDragonCountDesc_thenNameDesc" classname="com.six.spacex.SpaceXRepositoryTest" time="0.002"/>
  <testcase name="cannotSetInBuildWhenAssigned" classname="com.six.spacex.SpaceXRepositoryTest" time="0.001"/>
  <testcase name="cannotEndMissionWithAssignedRockets" classname="com.six.spacex.SpaceXRepositoryTest" time="0.0"/>
</testsuite>